 1.80   3.89
 1.80   3.50
 1.80   3.90
 1.80   4.10
 1.80   4.89
 1.80   3.50
 1.80   4.70
 1.80   4.70
 1.80   4.10
 1.80   4.10
 1.80   3.76
 1.80   3.84
 1.80   5.74
 1.80   5.14
 1.80   4.94
 1.80   3.77
 1.80   4.94
 1.80   4.20
 1.80   5.00
 1.80   4.98
 1.80   3.99
 1.80   3.99
 1.80   4.80
 1.80   5.00
 1.80   4.29
 1.80   4.29
 1.80   3.56
 1.80   4.35
 1.80   6.00
 1.80   6.00
 1.80   4.43
 1.80   5.30
 1.80   5.30
 1.80   5.60
 1.80   4.31
 1.80   4.31
 1.80   4.54
 1.80   4.86
 1.80   5.22
 1.80   4.80
 1.80   4.31
 1.80   4.31
 1.80   5.00
 1.80   4.86
 1.80   4.80
 1.80   5.79
 1.80   5.46
 1.80   5.46
 1.80   5.50
 1.80   3.98
 1.80   5.00
 1.80   5.00
 1.80   5.53
 1.80   4.11
 1.80   4.11
 1.80   4.96
 1.80   4.40
 1.80   3.90
 1.80   5.49
 1.80   3.61
 1.80   3.82
 1.80   3.98
 1.80   3.88
 1.80   5.19
 1.80   6.05
 1.80   6.05
 1.80   4.73
 1.80   4.30
 1.80   4.48
 1.80   5.35
 1.80   3.98
 1.80   4.95
 1.80   5.21
 1.80   6.01
 1.80   5.41
 1.80   4.97
 1.80   4.28
 1.80   3.80
 1.80   4.27
 1.80   4.70
 1.80   5.60
 1.80   5.90
 1.80   5.90
 1.80   5.90
 1.80   5.90
 1.80   4.40
 1.80   4.30
 1.80   4.58
 1.80   5.00
 1.80   5.57
 1.80   4.36
 1.80   6.05
 1.80   5.74
 1.80   3.83
 1.80   3.82
 1.80   3.50
 1.80   3.33
 1.80   3.29
 1.80   4.52
 1.80   4.22
 1.80   4.98
 1.80   4.80
 1.80   4.35
 1.80   5.10
 1.80   3.79
 1.80   3.63
 1.80   3.92
 1.80   4.05
 1.80   4.80
 1.80   4.84
 1.80   5.75
 1.80   5.89
 1.80   5.35
 1.80   5.57
 1.80   5.24
 1.80   3.61
 1.80   5.20
 1.80   4.09
 1.80   5.20
 1.80   4.66
 1.80   3.97
 1.80   4.57
 1.80   4.82
 1.80   5.00
 1.80   5.00
 1.80   6.05
 1.80   3.86
 1.80   5.16
 1.80   3.40
 1.80   4.59
 1.80   3.22
 1.80   5.69
 1.80   3.65
 1.80   3.74
 1.80   4.99
 1.80   3.65
 1.80   3.74
 1.80   4.99
 1.80   4.50
 1.80   5.87
 1.80   4.73
 1.80   5.00
 1.80   4.71
 1.80   5.40
 1.80   5.06
 1.80   4.09
 1.80   5.50
 1.80   3.66
 1.80   5.00
 1.80   4.08
 1.80   4.44
 1.80   5.20
 1.80   4.85
 1.80   5.02
 1.80   5.17
 1.80   6.02
 1.80   6.05
 1.80   4.47
 1.80   4.55
 1.80   4.43
 1.80   5.18
 1.80   5.01
 1.80   4.86
 1.80   4.44
 1.80   5.00
 1.80   5.00
 1.80   4.79
 1.80   4.98
 1.80   4.30
 1.80   4.93
 1.80   3.80
 1.80   6.05
 1.80   4.80
 1.80   5.14
 1.80   4.80
 1.80   3.71
 1.80   3.80
 1.80   4.66
 1.80   5.01
 1.80   4.95
 1.80   4.42
 1.80   3.92
 1.80   4.26
 1.80   3.82
 1.80   3.67
 1.80   4.85
 1.80   5.16
 1.80   4.53
 1.80   3.84
 1.80   4.06
 1.80   4.70
 1.80   4.60
 1.80   4.92
 1.80   4.75
 1.80   5.16
 1.80   4.60
 1.80   3.80
 1.80   4.95
 1.80   4.80
 1.80   4.80
 1.80   5.33
 1.80   6.05
 1.80   5.61
 1.80   4.55
 1.80   4.88
 1.80   4.55
 1.80   5.00
 1.80   4.19
 1.80   4.19
 1.80   3.52
 1.80   4.31
 1.80   5.20
 1.80   4.63
 1.80   3.60
 1.80   5.68
 1.80   3.71
 1.80   4.87
 1.80   4.80
 1.80   4.80
 1.80   5.36
 1.80   5.24
 1.80   4.80
 1.80   5.20
 1.80   3.77
 1.80   3.77
 1.80   5.59
 1.80   5.59
 1.80   5.59
 1.80   5.26
 1.80   5.26
 1.80   5.57
 1.80   4.18
 1.80   5.06
 1.80   3.81
 1.80   4.08
 1.80   3.60
 1.80   4.44
 1.80   5.01
 1.80   5.82
 1.80   4.57
 1.80   5.97
 1.80   4.23
 1.80   5.00
 1.80   4.53
 1.80   5.27
 1.80   5.00
 1.80   4.06
 1.80   4.42
 1.80   4.42
 1.80   3.60
 1.80   5.58
 1.80   5.02
 1.80   3.61
 1.80   4.33
 1.80   5.75
 1.80   5.00
 1.80   5.00
 1.80   4.97
 1.80   5.79
 1.80   4.94
 1.80   4.38
 1.80   5.61
 1.80   5.17
 1.80   4.80
 1.80   4.80
 1.80   5.15
 1.80   4.40
 1.80   4.60
 1.80   3.82
 1.80   4.95
 1.80   5.06
 1.80   4.40
 1.80   3.82
 1.80   5.06
 1.80   5.00
 1.80   3.78
 1.80   4.51
 1.80   4.51
 1.80   3.62
 1.80   5.54
 1.80   4.76
 1.80   5.53
 1.80   5.00
 1.80   5.02
 1.80   4.28
 1.80   4.80
 1.80   3.89
 1.80   5.71
 1.80   5.64
 1.80   6.05
 1.80   5.20
 1.80   5.20
 1.80   4.99
 1.80   4.61
 1.80   3.75
 1.80   5.94
 1.80   5.21
 1.80   4.99
 1.80   4.61
 1.80   3.75
 1.80   5.94
 1.80   5.21
 1.80   5.02
 1.80   4.86
 1.80   4.04
 1.80   6.00
 1.80   4.08
 1.80   4.50
 1.80   4.19
 1.80   5.46
 1.80   5.60
 1.80   4.81
 1.80   4.09
 1.80   5.83
 1.80   3.93
 1.80   5.32
 1.80   5.32
 1.80   4.37
 1.80   4.23
 1.80   5.32
 1.80   5.32
 1.80   4.61
 1.80   5.12
 1.80   4.23
 1.80   4.40
 1.80   4.66
 1.80   4.35
 1.80   5.43
 1.80   5.14
 1.80   4.48
 1.80   4.48
 1.80   3.86
 1.80   4.71
 1.80   4.03
 1.80   4.40
 1.80   5.43
 1.80   4.03
 1.80   4.30
 1.80   5.43
 1.80   5.48
 1.80   2.85
 1.80   3.78
 1.80   5.61
 1.80   2.85
 1.80   3.78
 1.80   5.61
 1.80   5.57
 1.80   4.58
 1.80   4.58
 1.80   3.09
 1.80   3.83
 1.80   3.92
 1.80   5.02
 1.80   5.10
 1.80   3.80
 1.80   5.03
 1.80   5.18
 1.80   4.33
 1.80   5.93
 1.80   5.93
 1.80   6.05
 1.80   5.30
 1.80   5.31
 1.80   5.00
 1.80   5.00
 1.80   3.28
 1.80   5.54
 1.80   4.73
 1.80   3.65
 1.80   4.93
 1.80   3.59
 1.80   3.85
 1.80   3.44
 1.80   5.70
 1.80   4.03
 1.80   4.60
 1.80   4.61
 1.80   4.86
 1.80   5.79
 1.80   4.69
 1.80   4.69
 1.80   3.31
 1.80   5.61
 1.80   5.01
 1.80   5.01
 1.80   3.00
 1.80   3.62
 1.80   3.62
 1.80   3.87
 1.80   5.13
 1.80   4.93
 1.80   4.55
 1.80   5.14
 1.80   5.10
 1.80   4.47
 1.80   4.82
 1.80   5.31
 1.80   5.54
 1.80   6.05
 1.80   4.91
 1.80   4.29
 1.80   3.22
 1.80   4.07
 1.80   3.54
 1.80   4.16
 1.80   4.42
 1.80   5.24
 1.80   5.19
 1.80   4.80
 1.80   3.00
 1.80   2.98
 1.80   4.61
 1.80   5.87
 1.80   4.62
 1.80   5.00
 1.80   4.80
 1.80   3.88
 1.80   4.80
 1.80   4.23
 1.80   3.31
 1.80   4.61
 1.80   4.80
 1.80   4.15
 1.80   5.26
 1.80   4.77
 1.80   5.39
 1.80   5.02
 1.80   3.41
 1.80   3.44
 1.80   3.74
 1.80   4.17
 1.80   5.97
 1.80   5.21
 1.80   3.74
 1.80   4.17
 1.80   5.97
 1.80   5.21
 1.80   5.89
 1.80   4.70
 1.80   4.50
 1.80   4.63
 1.80   4.57
 1.80   4.69
 1.80   5.17
 1.80   4.74
 1.80   3.38
 1.80   4.22
 1.80   4.77
 1.80   5.31
 1.80   3.89
 1.80   3.45
 1.80   4.59
 1.80   4.10
 1.80   3.66
 1.80   4.54
 1.80   4.83
 1.80   5.13
 1.80   4.11
 1.80   6.05
 1.80   3.15
 1.80   4.84
 1.80   3.15
 1.80   4.84
 1.80   4.50
 1.80   4.36
 1.80   4.40
 1.80   4.10
 1.80   3.94
 1.80   4.48
 1.80   4.05
 1.80   4.68
 1.80   5.00
 1.80   4.17
 1.80   5.00
 1.80   3.62
 1.80   4.54
 1.80   4.18
 1.80   4.72
 1.80   4.40
 1.80   4.20
 1.80   4.25
 1.80   4.25
 1.80   3.60
 1.80   3.59
 1.80   4.50
 1.80   3.58
 1.80   3.58
 1.80   4.10
 1.80   4.15
 1.80   3.73
 1.80   4.57
 1.80   4.31
 1.80   4.31
 1.80   4.07
 1.80   4.80
 1.80   3.84
 1.80   4.30
 1.80   4.80
 1.80   3.59
 1.80   3.59
 1.80   5.04
 1.80   3.50
 1.80   3.31
 1.80   3.60
 1.80   5.12
 1.80   3.61
 1.80   4.64
 1.80   3.47
 1.80   4.47
 1.80   3.31
 1.80   4.99
 1.80   3.81
 1.80   4.53
 1.80   3.53
 1.80   4.80
 1.80   5.15
 1.80   3.50
 1.80   3.69
 1.80   4.91
 1.80   3.50
 1.80   3.69
 1.80   4.91
 1.80   4.80
 1.80   6.05
 1.80   4.64
 1.80   4.72
 1.80   4.80
 1.80   4.80
 1.80   4.95
 1.80   5.00
 1.80   5.00
 1.80   5.03
 1.80   5.68
 1.80   3.75
 1.80   4.10
 1.80   4.26
 1.80   4.44
 1.80   4.37
 1.80   5.12
 1.80   4.43
 1.80   4.80
 1.80   4.52
 1.80   4.43
 1.80   3.65
 1.80   3.31
 1.80   5.00
 1.80   4.92
 1.80   6.05
 1.80   3.65
 1.80   3.52
 1.80   5.51
 1.80   4.31
 1.80   4.85
 1.80   3.00
 1.80   3.50
 1.80   3.51
 1.80   4.09
 1.80   4.81
 1.80   5.51
 1.80   5.22
 1.80   5.19
 1.80   4.48
 1.80   5.42
 1.80   5.42
 1.80   4.39
 1.80   4.46
 1.80   4.30
 1.80   5.02
 1.80   4.28
 1.80   4.28
 1.80   3.12
 1.80   4.48
 1.80   6.05
 1.80   4.81
 1.80   5.76
 1.80   5.98
 1.80   4.99
 1.80   4.61
 1.80   4.83
 1.80   4.46
 1.80   4.99
 1.80   4.61
 1.80   4.83
 1.80   4.46
 1.80   4.80
 1.80   3.26
 1.80   5.94
 1.80   3.26
 1.80   5.94
 1.80   4.22
 1.80   4.22
 1.80   4.66
 1.80   4.66
 1.80   5.09
 1.80   4.69
 1.80   4.79
 1.80   5.21
 1.80   5.70
 1.80   4.70
 1.80   3.96
 1.80   4.33
 1.80   3.74
 1.80   3.50
 1.80   4.57
 1.80   4.30
 1.80   5.87
 1.80   5.53
 1.80   4.75
 1.80   4.75
 1.80   4.27
 1.80   5.42
 1.80   4.96
 1.80   3.73
 1.80   6.05
 1.80   4.94
 1.80   3.82
 1.80   3.73
 1.80   6.05
 1.80   6.05
 1.80   4.73
 1.80   2.90
 1.80   4.37
 1.80   2.90
 1.80   4.37
 1.80   4.52
 1.80   5.30
 1.80   5.10
 1.80   4.38
 1.80   5.00
 1.80   4.04
 1.80   4.93
 1.80   4.93
 1.80   5.08
 1.80   4.40
 1.80   3.82
 1.80   5.57
 1.80   4.89
 1.80   4.80
 1.80   4.80
 1.80   4.98
 1.80   3.85
 1.80   4.00
 1.80   5.40
 1.80   5.40
 1.80   3.87
 1.80   4.95
 1.80   4.95
 1.80   5.09
 1.80   5.87
 1.80   5.00
 1.80   3.20
 1.80   3.20
 1.80   3.06
 1.80   4.40
 1.80   4.26
 1.80   5.76
 1.80   3.63
 1.80   4.85
 1.80   4.98
 1.80   4.98
 1.80   5.30
 1.80   5.00
 1.80   3.89
 1.80   4.15
 1.80   6.05
 1.80   4.15
 1.80   6.05
 1.80   4.86
 1.80   5.01
 1.80   5.01
 1.80   4.00
 1.80   4.26
 1.80   4.80
 1.80   5.51
 1.80   5.40
 1.80   5.64
 1.80   3.78
 1.80   4.61
 1.80   4.66
 1.80   5.43
 1.80   5.39
 1.80   5.39
 1.80   4.21
 1.80   4.20
 1.80   2.86
 1.80   3.29
 1.80   4.00
 1.80   5.01
 1.80   4.92
 1.80   4.86
 1.80   4.37
 1.80   3.82
 1.80   3.27
 1.80   5.02
 1.80   3.79
 1.80   4.80
 1.80   3.58
 1.80   3.58
 1.80   4.87
 1.80   3.37
 1.80   4.50
 1.80   4.70
 1.80   3.90
 1.80   3.80
 1.80   3.22
 1.80   3.80
 1.80   3.88
 1.80   5.60
 1.80   4.76
 1.80   5.60
 1.80   4.76
 1.80   3.77
 1.80   5.21
 1.80   5.21
 1.80   4.18
 1.80   4.18
 1.80   4.80
 1.80   4.80
 1.80   5.15
 1.80   3.53
 1.80   3.74
 1.80   4.71
 1.80   4.00
 1.80   3.95
 1.80   4.22
 1.80   3.86
 1.80   4.41
 1.80   4.59
 1.80   4.59
 1.80   3.60
 1.80   4.00
 1.80   5.79
 1.80   5.79
 1.80   5.16
 1.80   5.16
 1.80   3.33
 1.80   3.80
 1.80   5.12
 1.80   3.94
 1.80   4.00
 1.80   3.52
 1.80   3.89
 1.80   4.77
 1.80   4.18
 1.80   3.50
 1.80   3.16
 1.80   3.61
 1.80   4.15
 1.80   4.15
 1.80   5.80
 1.80   4.15
 1.80   4.15
 1.80   5.80
 1.80   5.98
 1.80   3.75
 1.80   4.06
 1.80   4.10
 1.80   4.93
 1.80   4.59
 1.80   3.80
 1.80   3.67
 1.80   5.81
 1.80   5.49
 1.80   3.05
 1.80   3.25
 1.80   4.42
 1.80   4.16
 1.80   4.13
 1.80   4.23
 1.80   4.18
 1.80   3.80
 1.80   4.09
 1.80   5.03
 1.80   4.09
 1.80   3.60
 1.80   3.60
 1.80   3.69
 1.80   3.33
 1.80   4.87
 1.80   4.20
 1.80   3.66
 1.80   3.06
 1.80   3.84
 1.80   4.17
 1.80   5.02
 1.80   3.84
 1.80   4.17
 1.80   5.02
 1.80   6.05
 1.80   4.20
 1.80   3.28
 1.80   3.53
 1.80   3.23
 1.80   5.09
 1.80   3.55
 1.80   3.67
 1.80   3.15
 1.80   4.26
 1.80   3.45
 1.80   4.30
 1.80   4.30
 1.80   5.65
 1.80   4.20
 1.80   3.96
 1.80   3.74
 1.80   3.16
 1.80   3.31
 1.80   4.95
 1.80   4.95
 1.80   5.00
 1.80   4.70
 1.80   5.00
 1.80   5.00
 1.80   4.80
 1.80   3.33
 1.80   3.60
 1.80   4.00
 1.80   4.73
 1.80   3.30
 1.80   4.60
 1.80   3.40
 1.80   3.90
 1.80   3.89
 1.80   3.50
 1.80   3.90
 1.80   4.10
 1.80   4.89
 1.80   3.50
 1.80   4.70
 1.80   4.70
 1.80   4.10
 1.80   4.10
 1.80   3.76
 1.80   3.84
 1.80   5.74
 1.80   5.14
 1.80   4.94
 1.80   3.77
 1.80   4.94
 1.80   4.20
 1.80   5.00
 1.80   4.98
 1.80   3.99
 1.80   3.99
 1.80   4.80
 1.80   5.00
 1.80   4.29
 1.80   4.29
 1.80   3.56
 1.80   4.35
 1.80   6.00
 1.80   6.00
 1.80   4.43
 1.80   5.30
 1.80   5.30
 1.80   5.60
 1.80   4.31
 1.80   4.31
 1.80   4.54
 1.80   4.86
 1.80   5.22
 1.80   4.80
 1.80   4.31
 1.80   4.31
 1.80   5.00
 1.80   4.86
 1.80   4.80
 1.80   5.79
 1.80   5.46
 1.80   5.46
 1.80   5.50
 1.80   3.98
 1.80   5.00
 1.80   5.00
 1.80   5.53
 1.80   4.11
 1.80   4.11
 1.80   4.96
 1.80   4.40
 1.80   3.90
 1.80   5.49
 1.80   3.61
 1.80   3.82
 1.80   3.98
 1.80   3.88
 1.80   5.19
 1.80   6.05
 1.80   6.05
 1.80   4.73
 1.80   4.30
 1.80   4.48
 1.80   5.35
 1.80   3.98
 1.80   4.95
 1.80   5.21
 1.80   6.01
 1.80   5.41
 1.80   4.97
 1.80   4.28
 1.80   3.80
 1.80   4.27
 1.80   4.70
 1.80   5.60
 1.80   5.90
 1.80   5.90
 1.80   5.90
 1.80   5.90
 1.80   4.40
 1.80   4.30
 1.80   4.58
 1.80   5.00
 1.80   5.57
 1.80   4.36
 1.80   6.05
 1.80   5.74
 1.80   3.83
 1.80   3.82
 1.80   3.50
 1.80   3.33
 1.80   3.29
 1.80   4.52
 1.80   4.22
 1.80   4.98
 1.80   4.80
 1.80   4.35
 1.80   5.10
 1.80   3.79
 1.80   3.63
 1.80   3.92
 1.80   4.05
 1.80   4.80
 1.80   4.84
 1.80   5.75
 1.80   5.89
 1.80   5.35
 1.80   5.57
 1.80   5.24
 1.80   3.61
 1.80   5.20
 1.80   4.09
 1.80   5.20
 1.80   4.66
 1.80   3.97
 1.80   4.57
 1.80   4.82
 1.80   5.00
 1.80   5.00
 1.80   6.05
 1.80   3.86
 1.80   5.16
 1.80   3.40
 1.80   4.59
 1.80   3.22
 1.80   5.69
 1.80   3.65
 1.80   3.74
 1.80   4.99
 1.80   3.65
 1.80   3.74
 1.80   4.99
 1.80   4.50
 1.80   5.87
 1.80   4.73
 1.80   5.00
 1.80   4.71
 1.80   5.40
 1.80   5.06
 1.80   4.09
 1.80   5.50
 1.80   3.66
 1.80   5.00
 1.80   4.08
 1.80   4.44
 1.80   5.20
 1.80   4.85
 1.80   5.02
 1.80   5.17
 1.80   6.02
 1.80   6.05
 1.80   4.47
 1.80   4.55
 1.80   4.43
 1.80   5.18
 1.80   5.01
 1.80   4.86
 1.80   4.44
 1.80   5.00
 1.80   5.00
 1.80   4.79
 1.80   4.98
 1.80   4.30
 1.80   4.93
 1.80   3.80
 1.80   6.05
 1.80   4.80
 1.80   5.14
 1.80   4.80
 1.80   3.71
 1.80   3.80
 1.80   4.66
 1.80   5.01
 1.80   4.95
 1.80   4.42
 1.80   3.92
 1.80   4.26
 1.80   3.82
 1.80   3.67
 1.80   4.85
 1.80   5.16
 1.80   4.53
 1.80   3.84
 1.80   4.06
 1.80   4.70
 1.80   4.60
 1.80   4.92
 1.80   4.75
 1.80   5.16
 1.80   4.60
 1.80   3.80
 1.80   4.95
 1.80   4.80
 1.80   4.80
 1.80   5.33
 1.80   6.05
 1.80   5.61
 1.80   4.55
 1.80   4.88
 1.80   4.55
 1.80   5.00
 1.80   4.19
 1.80   4.19
 1.80   3.52
 1.80   4.31
 1.80   5.20
 1.80   4.63
 1.80   3.60
 1.80   5.68
 1.80   3.71
 1.80   4.87
 1.80   4.80
 1.80   4.80
 1.80   5.36
 1.80   5.24
 1.80   4.80
 1.80   5.20
 1.80   3.77
 1.80   3.77
 1.80   5.59
 1.80   5.59
 1.80   5.59
 1.80   5.26
 1.80   5.26
 1.80   5.57
 1.80   4.18
 1.80   5.06
 1.80   3.81
 1.80   4.08
 1.80   3.60
 1.80   4.44
 1.80   5.01
 1.80   5.82
 1.80   4.57
 1.80   5.97
 1.80   4.23
 1.80   5.00
 1.80   4.53
 1.80   5.27
 1.80   5.00
 1.80   4.06
 1.80   4.42
 1.80   4.42
 1.80   3.60
 1.80   5.58
 1.80   5.02
 1.80   3.61
 1.80   4.33
 1.80   5.75
 1.80   5.00
 1.80   5.00
 1.80   4.97
 1.80   5.79
 1.80   4.94
 1.80   4.38
 1.80   5.61
 1.80   5.17
 1.80   4.80
 1.80   4.80
 1.80   5.15
 1.80   4.40
 1.80   4.60
 1.80   3.82
 1.80   4.95
 1.80   5.06
 1.80   4.40
 1.80   3.82
 1.80   5.06
 1.80   5.00
 1.80   3.78
 1.80   4.51
 1.80   4.51
 1.80   3.62
 1.80   5.54
 1.80   4.76
 1.80   5.53
 1.80   5.00
 1.80   5.02
 1.80   4.28
 1.80   4.80
 1.80   3.89
 1.80   5.71
 1.80   5.64
 1.80   6.05
 1.80   5.20
 1.80   5.20
 1.80   4.99
 1.80   4.61
 1.80   3.75
 1.80   5.94
 1.80   5.21
 1.80   4.99
 1.80   4.61
 1.80   3.75
 1.80   5.94
 1.80   5.21
 1.80   5.02
 1.80   4.86
 1.80   4.04
 1.80   6.00
 1.80   4.08
 1.80   4.50
 1.80   4.19
 1.80   5.46
 1.80   5.60
 1.80   4.81
 1.80   4.09
 1.80   5.83
 1.80   3.93
 1.80   5.32
 1.80   5.32
 1.80   4.37
 1.80   4.23
 1.80   5.32
 1.80   5.32
 1.80   4.61
 1.80   5.12
 1.80   4.23
 1.80   4.40
 1.80   4.66
 1.80   4.35
 1.80   5.43
 1.80   5.14
 1.80   4.48
 1.80   4.48
 1.80   3.86
 1.80   4.71
 1.80   4.03
 1.80   4.40
 1.80   5.43
 1.80   4.03
 1.80   4.30
 1.80   5.43
 1.80   5.48
 1.80   2.85
 1.80   3.78
 1.80   5.61
 1.80   2.85
 1.80   3.78
 1.80   5.61
 1.80   5.57
 1.80   4.58
 1.80   4.58
 1.80   3.09
 1.80   3.83
 1.80   3.92
 1.80   5.02
 1.80   5.10
 1.80   3.80
 1.80   5.03
 1.80   5.18
 1.80   4.33
 1.80   5.93
 1.80   5.93
 1.80   6.05
 1.80   5.30
 1.80   5.31
 1.80   5.00
 1.80   5.00
 1.80   3.28
 1.80   5.54
 1.80   4.73
 1.80   3.65
 1.80   4.93
 1.80   3.59
 1.80   3.85
 1.80   3.44
 1.80   5.70
 1.80   4.03
 1.80   4.60
 1.80   4.61
 1.80   4.86
 1.80   5.79
 1.80   4.69
 1.80   4.69
 1.80   3.31
 1.80   5.61
 1.80   5.01
 1.80   5.01
 1.80   3.00
 1.80   3.62
 1.80   3.62
 1.80   3.87
 1.80   5.13
 1.80   4.93
 1.80   4.55
 1.80   5.14
 1.80   5.10
 1.80   4.47
 1.80   4.82
 1.80   5.31
 1.80   5.54
 1.80   6.05
 1.80   4.91
 1.80   4.29
 1.80   3.22
 1.80   4.07
 1.80   3.54
 1.80   4.16
 1.80   4.42
 1.80   5.24
 1.80   5.19
 1.80   4.80
 1.80   3.00
 1.80   2.98
 1.80   4.61
 1.80   5.87
 1.80   4.62
 1.80   5.00
 1.80   4.80
 1.80   3.88
 1.80   4.80
 1.80   4.23
 1.80   3.31
 1.80   4.61
 1.80   4.80
 1.80   4.15
 1.80   5.26
 1.80   4.77
 1.80   5.39
 1.80   5.02
 1.80   3.41
 1.80   3.44
 1.80   3.74
 1.80   4.17
 1.80   5.97
 1.80   5.21
 1.80   3.74
 1.80   4.17
 1.80   5.97
 1.80   5.21
 1.80   5.89
 1.80   4.70
 1.80   4.50
 1.80   4.63
 1.80   4.57
 1.80   4.69
 1.80   5.17
 1.80   4.74
 1.80   3.38
 1.80   4.22
 1.80   4.77
 1.80   5.31
 1.80   3.89
 1.80   3.45
 1.80   4.59
 1.80   4.10
 1.80   3.66
 1.80   4.54
 1.80   4.83
 1.80   5.13
 1.80   4.11
 1.80   6.05
 1.80   3.15
 1.80   4.84
 1.80   3.15
 1.80   4.84
 1.80   4.50
 1.80   4.36
 1.80   4.40
 1.80   4.10
 1.80   3.94
 1.80   4.48
 1.80   4.05
 1.80   4.68
 1.80   5.00
 1.80   4.17
 1.80   5.00
 1.80   3.62
 1.80   4.54
 1.80   4.18
 1.80   4.72
 1.80   4.40
 1.80   4.20
 1.80   4.25
 1.80   4.25
 1.80   3.60
 1.80   3.59
 1.80   4.50
 1.80   3.58
 1.80   3.58
 1.80   4.10
 1.80   4.15
 1.80   3.73
 1.80   4.57
 1.80   4.31
 1.80   4.31
 1.80   4.07
 1.80   4.80
 1.80   3.84
 1.80   4.30
 1.80   4.80
 1.80   3.59
 1.80   3.59
 1.80   5.04
 1.80   3.50
 1.80   3.31
 1.80   3.60
 1.80   5.12
 1.80   3.61
 1.80   4.64
 1.80   3.47
 1.80   4.47
 1.80   3.31
 1.80   4.99
 1.80   3.81
 1.80   4.53
 1.80   3.53
 1.80   4.80
 1.80   5.15
 1.80   3.50
 1.80   3.69
 1.80   4.91
 1.80   3.50
 1.80   3.69
 1.80   4.91
 1.80   4.80
 1.80   6.05
 1.80   4.64
 1.80   4.72
 1.80   4.80
 1.80   4.80
 1.80   4.95
 1.80   5.00
 1.80   5.00
 1.80   5.03
 1.80   5.68
 1.80   3.75
 1.80   4.10
 1.80   4.26
 1.80   4.44
 1.80   4.37
 1.80   5.12
 1.80   4.43
 1.80   4.80
 1.80   4.52
 1.80   4.43
 1.80   3.65
 1.80   3.31
 1.80   5.00
 1.80   4.92
 1.80   6.05
 1.80   3.65
 1.80   3.52
 1.80   5.51
 1.80   4.31
 1.80   4.85
 1.80   3.00
 1.80   3.50
 1.80   3.51
 1.80   4.09
 1.80   4.81
 1.80   5.51
 1.80   5.22
 1.80   5.19
 1.80   4.48
 1.80   5.42
 1.80   5.42
 1.80   4.39
 1.80   4.46
 1.80   4.30
 1.80   5.02
 1.80   4.28
 1.80   4.28
 1.80   3.12
 1.80   4.48
 1.80   6.05
 1.80   4.81
 1.80   5.76
 1.80   5.98
 1.80   4.99
 1.80   4.61
 1.80   4.83
 1.80   4.46
 1.80   4.99
 1.80   4.61
 1.80   4.83
 1.80   4.46
 1.80   4.80
 1.80   3.26
 1.80   5.94
 1.80   3.26
 1.80   5.94
 1.80   4.22
 1.80   4.22
 1.80   4.66
 1.80   4.66
 1.80   5.09
 1.80   4.69
 1.80   4.79
 1.80   5.21
 1.80   5.70
 1.80   4.70
 1.80   3.96
 1.80   4.33
 1.80   3.74
 1.80   3.50
 1.80   4.57
 1.80   4.30
 1.80   5.87
 1.80   5.53
 1.80   4.75
 1.80   4.75
 1.80   4.27
 1.80   5.42
 1.80   4.96
 1.80   3.73
 1.80   6.05
 1.80   4.94
 1.80   3.82
 1.80   3.73
 1.80   6.05
 1.80   6.05
 1.80   4.73
 1.80   2.90
 1.80   4.37
 1.80   2.90
 1.80   4.37
 1.80   4.52
 1.80   5.30
 1.80   5.10
 1.80   4.38
 1.80   5.00
 1.80   4.04
 1.80   4.93
 1.80   4.93
 1.80   5.08
 1.80   4.40
 1.80   3.82
 1.80   5.57
 1.80   4.89
 1.80   4.80
 1.80   4.80
 1.80   4.98
 1.80   3.85
 1.80   4.00
 1.80   5.40
 1.80   5.40
 1.80   3.87
 1.80   4.95
 1.80   4.95
 1.80   5.09
 1.80   5.87
 1.80   5.00
 1.80   3.20
 1.80   3.20
 1.80   3.06
 1.80   4.40
 1.80   4.26
 1.80   5.76
 1.80   3.63
 1.80   4.85
 1.80   4.98
 1.80   4.98
 1.80   5.30
 1.80   5.00
 1.80   3.89
 1.80   4.15
 1.80   6.05
 1.80   4.15
 1.80   6.05
 1.80   4.86
 1.80   5.01
 1.80   5.01
 1.80   4.00
 1.80   4.26
 1.80   4.80
 1.80   5.51
 1.80   5.40
 1.80   5.64
 1.80   3.78
 1.80   4.61
 1.80   4.66
 1.80   5.43
 1.80   5.39
 1.80   5.39
 1.80   4.21
 1.80   4.20
 1.80   2.86
 1.80   3.29
 1.80   4.00
 1.80   5.01
 1.80   4.92
 1.80   4.86
 1.80   4.37
 1.80   3.82
 1.80   3.27
 1.80   5.02
 1.80   3.79
 1.80   4.80
 1.80   3.58
 1.80   3.58
 1.80   4.87
 1.80   3.37
 1.80   4.50
 1.80   4.70
 1.80   3.90
 1.80   3.80
 1.80   3.22
 1.80   3.80
 1.80   3.88
 1.80   5.60
 1.80   4.76
 1.80   5.60
 1.80   4.76
 1.80   3.77
 1.80   5.21
 1.80   5.21
 1.80   4.18
 1.80   4.18
 1.80   4.80
 1.80   4.80
 1.80   5.15
 1.80   3.53
 1.80   3.74
 1.80   4.71
 1.80   4.00
 1.80   3.95
 1.80   4.22
 1.80   3.86
 1.80   4.41
 1.80   4.59
 1.80   4.59
 1.80   3.60
 1.80   4.00
 1.80   5.79
 1.80   5.79
 1.80   5.16
 1.80   5.16
 1.80   3.33
 1.80   3.80
 1.80   5.12
 1.80   3.94
 1.80   4.00
 1.80   3.52
 1.80   3.89
 1.80   4.77
 1.80   4.18
 1.80   3.50
 1.80   3.16
 1.80   3.61
 1.80   4.15
 1.80   4.15
 1.80   5.80
 1.80   4.15
 1.80   4.15
 1.80   5.80
 1.80   5.98
 1.80   3.75
 1.80   4.06
 1.80   4.10
 1.80   4.93
 1.80   4.59
 1.80   3.80
 1.80   3.67
 1.80   5.81
 1.80   5.49
 1.80   3.05
 1.80   3.25
 1.80   4.42
 1.80   4.16
 1.80   4.13
 1.80   4.23
 1.80   4.18
 1.80   3.80
 1.80   4.09
 1.80   5.03
 1.80   4.09
 1.80   3.60
 1.80   3.60
 1.80   3.69
 1.80   3.33
 1.80   4.87
 1.80   4.20
 1.80   3.66
 1.80   3.06
 1.80   3.84
 1.80   4.17
 1.80   5.02
 1.80   3.84
 1.80   4.17
 1.80   5.02
 1.80   6.05
 1.80   4.20
 1.80   3.28
 1.80   3.53
 1.80   3.23
 1.80   5.09
 1.80   3.55
 1.80   3.67
 1.80   3.15
 1.80   4.26
 1.80   3.45
 1.80   4.30
 1.80   4.30
 1.80   5.65
 1.80   4.20
 1.80   3.96
 1.80   3.74
 1.80   3.16
 1.80   3.31
 1.80   4.95
 1.80   4.95
 1.80   5.00
 1.80   4.70
 1.80   5.00
 1.80   5.00
 1.80   4.80
 1.80   3.33
 1.80   3.60
 1.80   4.00
 1.80   4.73
 1.80   3.30
 1.80   4.60
 1.80   3.40
 1.80   3.90
 1.80   3.41
 1.80   3.79
 1.80   4.87
 1.80   5.79
 1.80   5.79
 1.80   5.31
 1.80   4.37
 1.80   5.38
 1.80   4.63
 1.80   4.47
 1.80   4.96
 1.80   5.29
 1.80   4.62
 1.80   5.62
 1.80   4.35
 1.80   4.89
 1.80   5.03
 1.80   5.03
 1.80   5.41
 1.80   5.29
 1.80   5.71
 1.80   5.71
 1.80   5.41
 1.80   5.29
 1.80   5.71
 1.80   5.71
 1.80   5.30
 1.80   5.01
 1.80   4.07
 1.80   3.51
 1.80   4.21
 1.80   4.00
 1.80   4.85
 1.80   4.49
 1.80   5.32
 1.80   5.49
 1.80   3.98
 1.80   4.26
 1.80   3.69
 1.80   4.16
 1.80   4.99
 1.80   4.28
 1.80   4.99
 1.80   4.28
 1.80   5.33
 1.80   5.32
 1.80   5.51
 1.80   4.47
 1.80   5.29
 1.80   5.49
 1.80   3.69
 1.80   4.16
 1.80   5.35
 1.80   5.33
 1.80   4.62
 1.80   5.41
 1.80   5.41
 1.80   4.21
 1.80   4.85
 1.80   4.63
 1.80   3.51
 1.80   3.67
 1.80   4.49
 1.80   3.98
 1.80   4.96
 1.80   5.62
 1.80   5.30
 1.80   4.26
 1.80   5.78
 1.80   5.01
 1.80   4.35
 1.80   5.29
 1.80   5.29
 1.80   3.41
 1.80   4.87
 1.80   5.31
 1.80   4.37
 1.80   5.38
 1.80   4.89
 1.80   4.07
 1.80   5.03
 1.80   5.71
 1.80   5.71
 1.80   5.03
 1.80   5.71
 1.80   5.71
 1.80   3.79
 1.80   5.79
 1.80   5.79
 1.80   5.61
 1.80   5.51
 1.80   5.78
 1.80   5.70
 1.80   5.73
 1.80   5.73
 1.80   5.09
 1.80   4.23
 1.80   5.63
 1.80   5.63
 1.80   5.28
 1.80   5.28
 1.80   5.05
 1.80   5.58
 1.80   5.58
 1.80   4.63
 1.80   5.61
 1.80   4.66
 1.80   4.66
 1.80   4.43
 1.80   4.19
 1.80   5.70
 1.80   5.28
 1.80   4.66
 1.80   5.28
 1.80   4.66
 1.80   4.23
 1.80   5.05
 1.80   4.63
 1.80   4.43
 1.80   5.73
 1.80   5.73
 1.80   5.09
 1.80   5.63
 1.80   5.63
 1.80   4.19
 1.80   3.41
 1.80   3.79
 1.80   4.87
 1.80   5.79
 1.80   5.79
 1.80   5.31
 1.80   4.37
 1.80   5.38
 1.80   4.63
 1.80   4.47
 1.80   4.96
 1.80   5.29
 1.80   4.62
 1.80   5.62
 1.80   4.35
 1.80   4.89
 1.80   5.03
 1.80   5.03
 1.80   5.41
 1.80   5.29
 1.80   5.71
 1.80   5.71
 1.80   5.41
 1.80   5.29
 1.80   5.71
 1.80   5.71
 1.80   5.30
 1.80   5.01
 1.80   4.07
 1.80   3.51
 1.80   4.21
 1.80   4.00
 1.80   4.85
 1.80   4.49
 1.80   5.32
 1.80   5.49
 1.80   3.98
 1.80   4.26
 1.80   3.69
 1.80   4.16
 1.80   4.99
 1.80   5.35
 1.80   4.28
 1.80   4.99
 1.80   4.28
 1.80   5.33
 1.80   5.32
 1.80   5.51
 1.80   4.47
 1.80   5.29
 1.80   5.49
 1.80   3.69
 1.80   4.16
 1.80   5.33
 1.80   4.62
 1.80   5.41
 1.80   5.41
 1.80   4.21
 1.80   4.85
 1.80   4.63
 1.80   3.51
 1.80   3.67
 1.80   4.49
 1.80   3.98
 1.80   4.96
 1.80   5.62
 1.80   5.30
 1.80   4.26
 1.80   5.78
 1.80   5.01
 1.80   4.35
 1.80   5.29
 1.80   5.29
 1.80   3.41
 1.80   4.87
 1.80   5.31
 1.80   4.37
 1.80   5.38
 1.80   4.89
 1.80   4.07
 1.80   5.03
 1.80   5.71
 1.80   5.71
 1.80   5.03
 1.80   5.71
 1.80   5.71
 1.80   3.79
 1.80   5.79
 1.80   5.79
 1.80   5.61
 1.80   5.51
 1.80   5.78
 1.80   5.70
 1.80   5.73
 1.80   5.73
 1.80   5.09
 1.80   4.23
 1.80   5.63
 1.80   5.63
 1.80   5.28
 1.80   5.28
 1.80   5.05
 1.80   4.63
 1.80   5.61
 1.80   4.66
 1.80   4.66
 1.80   4.43
 1.80   4.19
 1.80   5.70
 1.80   5.28
 1.80   5.58
 1.80   4.66
 1.80   5.28
 1.80   5.58
 1.80   4.66
 1.80   4.23
 1.80   5.05
 1.80   4.63
 1.80   4.43
 1.80   5.73
 1.80   5.73
 1.80   5.09
 1.80   5.63
 1.80   5.63
 1.80   4.19
 1.70   2.30
 2.70   3.30
 1.70   2.30
 2.70   3.30
 1.70   2.30
 2.70   3.30
 1.70   2.30
 2.70   3.30
 1.70   2.30
 2.70   3.30
 1.70   2.30
 2.70   3.30
 1.70   2.30
 2.70   3.30
 1.70   2.30
 2.70   3.30
 1.70   2.30
 2.70   3.30
 1.70   2.30
 2.70   3.30
 1.70   2.30
 2.70   3.30
 2.70   3.30
 1.70   2.30
 1.70   2.30
 2.70   3.30
 1.70   2.30
 2.70   3.30
 1.70   2.30
 2.70   3.30
 1.70   2.30
 2.70   3.30
 1.70   2.30
 2.70   3.30
 1.70   2.30
 2.70   3.30
 1.70   2.30
 2.70   3.30
 1.70   2.30
 2.70   3.30
 1.70   2.30
 2.70   3.30
 1.70   2.30
 2.70   3.30
 1.70   2.30
 2.70   3.30
 1.70   2.30
 2.70   3.30
 1.70   2.30
 2.70   3.30
 1.70   2.30
 2.70   3.30
 1.70   2.30
 2.70   3.30
 1.70   2.30
 2.70   3.30
 1.70   2.30
 2.70   3.30
 1.70   2.30
 2.70   3.30
 1.70   2.30
 2.70   3.30
 2.70   3.30
 1.70   2.30
 1.70   2.30
 2.70   3.30
 1.70   2.30
 2.70   3.30
 1.70   2.30
 2.70   3.30
 1.70   2.30
 2.70   3.30
 1.70   2.30
 2.70   3.30
 1.70   2.30
 2.70   3.30
 1.70   2.30
 2.70   3.30
 1.70   2.30
 2.70   3.30
